<?xml version="1.0" encoding="UTF-8"?>
<!-- Generated by org.testng.reporters.JUnitReportReporter -->
<testsuite hostname="LAPTOP-NO7ESUVE" failures="0" tests="1" name="com.training.restapi.ApiAutomationUsers" time="2.771" errors="0" timestamp="2024-04-22T09:46:41 EDT" skipped="0">
  <testcase classname="com.training.restapi.ApiAutomationUsers" name="validusers" time="2.771"/>
  <system-out/>
</testsuite> <!-- com.training.restapi.ApiAutomationUsers -->
